# Task Board Logs

## System Information

- **Obsidian version**: 1.12.7
- **Installer version**: 1.12.7
- **Operating system**: Darwin Kernel Version 25.5.0: Mon Apr 27 20:41:26 PDT 2026; root:xnu-12377.121.6~2/RELEASE_ARM64_T8132 25.5.0
- **Use [[Wikilinks]]**: true
- **Base color scheme**: light
- **Community theme**: Minimal v8.2.1
- **Snippets enabled**: 2
- **Plugins installed**: 26
- **Plugins enabled**: 
  - Importer v1.8.12
  - Omnisearch v1.29.3
  - Claudian v2.0.31
  - Git v2.38.6
  - Heatmap Calendar v0.7.1
  - Calendar v1.5.10
  - make.md v1.3.5
  - Dataview v0.5.68
  - Iconic v1.1.9
  - Colored Tags v6.1.3
  - Tag Wrangler v0.6.4
  - Notion Property Tags v1.0.0
  - Tasks v8.2.2
  - QuickAdd v2.19.1
  - Reminder v1.2.1
  - Recent Files v1.7.9
  - Note Toolbar v1.34.10
  - Various Complements v11.4.0
  - Task Board v1.10.11

## Recent Bug Reports

Timestamp : 2026-07-12T02:15:37
ID : 145
Message : 
Context : RealTimeScanner.ts/initializeTasksCache
Version : 1.10.11

#### Bug Content
```log
No need to worry if this is appearing on the fresh install.
Error: ENOENT: no such file or directory, open '/Users/chenyimin/Desktop/knowledge base/Knowledge Base/.obsidian/plugins/task-board/tasks.json'
```
